Wed Mar  1 18:36:08 2023       
+-----------------------------------------------------------------------------+
| NVIDIA-SMI 470.161.03   Driver Version: 470.161.03   CUDA Version: 11.4     |
|-------------------------------+----------------------+----------------------+
| GPU  Name        Persistence-M| Bus-Id        Disp.A | Volatile Uncorr. ECC |
| Fan  Temp  Perf  Pwr:Usage/Cap|         Memory-Usage | GPU-Util  Compute M. |
|                               |                      |               MIG M. |
|===============================+======================+======================|
|   0  Quadro P1000        Off  | 00000000:01:00.0  On |                  N/A |
| N/A   60C    P0    N/A /  N/A |   3306MiB /  4040MiB |    100%      Default |
|                               |                      |                  N/A |
+-------------------------------+----------------------+----------------------+
                                                                               
+-----------------------------------------------------------------------------+
| Processes:                                                                  |
|  GPU   GI   CI        PID   Type   Process name                  GPU Memory |
|        ID   ID                                                   Usage      |
|=============================================================================|
|    0   N/A  N/A      1830      G   /usr/lib/xorg/Xorg                 49MiB |
|    0   N/A  N/A      3273      G   /usr/lib/xorg/Xorg                265MiB |
|    0   N/A  N/A      3540      G   /usr/bin/gnome-shell               47MiB |
|    0   N/A  N/A      4694      G   ...RendererForSitePerProcess      103MiB |
|    0   N/A  N/A      6077      C   python3                          2631MiB |
|    0   N/A  N/A    109986      G   /usr/lib/firefox/firefox          173MiB |
|    0   N/A  N/A    122749      G   ...242253192274254622,131072       21MiB |
+-----------------------------------------------------------------------------+
